Arguments: 
  C:\Program Files\nodejs\node.exe C:\Users\Carlos\AppData\Roaming\npm\node_modules\yarn\bin\yarn.js

PATH: 
  C:\Program Files (x86)\Common Files\Intel\Shared Libraries\redist\intel64\compiler;C:\Windows\system32;C:\Windows;C:\Windows\System32\Wbem;C:\Windows\System32\WindowsPowerShell\v1.0\;C:\Windows\System32\OpenSSH\;C:\Program Files\nodejs\;C:\Program Files\Git\cmd;C:\ProgramData\chocolatey\bin;C:\Program Files\OpenJDK\openjdk-11.0.12_7\bin;C:\Android\Sdk\emulator;C:\Android\Sdk\tools;C:\Android\Sdk\tools\bin;C:\Android\Sdk\platform-tools;C:\Users\Carlos\AppData\Local\Yarn\bin;C:\Program Files\Docker\Docker\resources\bin;C:\ProgramData\DockerDesktop\version-bin;C:\Program Files (x86)\Gow\bin;C:\Users\Carlos\AppData\Local\Programs\Python\Python310\Scripts\;C:\Users\Carlos\AppData\Local\Programs\Python\Python310\;C:\Users\Carlos\AppData\Local\Programs\Python\Python39\Scripts\;C:\Users\Carlos\AppData\Local\Programs\Python\Python39\;C:\Users\Carlos\AppData\Local\Microsoft\WindowsApps;C:\Program Files (x86)\GitHub CLI\;C:\Users\Carlos\AppData\Roaming\npm;C:\Users\Carlos\AppData\Local\Programs\Microsoft VS Code\bin;C:\Users\Carlos\AppData\Local\Google\Cloud SDK\google-cloud-sdk\bin;C:\Users\Carlos\AppData\Local\GitHubDesktop\bin

Yarn version: 
  1.22.11

Node version: 
  14.17.6

Platform: 
  win32 x64

Trace: 
  Error: https://registry.yarnpkg.com/@thoth%2faxios-config: Not found
      at Request.params.callback [as _callback] (C:\Users\Carlos\AppData\Roaming\npm\node_modules\yarn\lib\cli.js:66992:18)
      at Request.self.callback (C:\Users\Carlos\AppData\Roaming\npm\node_modules\yarn\lib\cli.js:140763:22)
      at Request.emit (events.js:400:28)
      at Request.<anonymous> (C:\Users\Carlos\AppData\Roaming\npm\node_modules\yarn\lib\cli.js:141735:10)
      at Request.emit (events.js:400:28)
      at IncomingMessage.<anonymous> (C:\Users\Carlos\AppData\Roaming\npm\node_modules\yarn\lib\cli.js:141657:12)
      at Object.onceWrapper (events.js:519:28)
      at IncomingMessage.emit (events.js:412:35)
      at endReadableNT (internal/streams/readable.js:1317:12)
      at processTicksAndRejections (internal/process/task_queues.js:82:21)

npm manifest: 
  {
    "name": "electron",
    "version": "1.0.0",
    "description": "A Browser made from a programmer and design for others.",
    "keywords": [
      "electron"
    ],
    "license": "MIT",
    "author": "Carlos Miguel <carlos.miguel.oliveira.17@gmail.com>",
    "main": "./dist/app.js",
    "scripts": {
      "build": "rimraf dist && npm-run-all -p build:*",
      "build:electron": "cross-env NODE_ENV=production webpack --config webpack/electron.webpack.js",
      "build:react": "cross-env NODE_ENV=production webpack --config webpack/react.webpack.js",
      "dev": "npm-run-all -p dev:react electron:serve",
      "dev:electron": "cross-env NODE_ENV=development webpack --config webpack/electron.webpack.js --mode development && electron . --enable-transparent-visuals --disable-gpu",
      "dev:react": "cross-env NODE_ENV=development webpack-dev-server --config webpack/react.webpack.js --mode development",
      "electron:serve": "wait-on http-get://localhost:4000/ && npm run dev:electron",
      "postinstall": "electron-builder install-app-deps",
      "lint": "eslint --ext .tsx,.ts,.js src/ electron/",
      "package": "yarn build && electron-builder build --publish never",
      "test": "jest"
    },
    "lint-staged": {
      "*.{js,jsx,ts,tsx}": [
        "eslint --fix"
      ],
      "package.json": [
        "sort-package-json"
      ]
    },
    "dependencies": {
      "@pdftron/webviewer": "^7.0.1",
      "@phuocng/react-pdf-viewer": "1.7.0",
      "@thoth/axios-config": "*",
      "@types/react-select": "^3.0.22",
      "@types/uuid": "^8.3.0",
      "@unform/core": "^2.1.3",
      "@unform/web": "^2.1.3",
      "based-blob": "^1.0.1",
      "colorthief": "^2.3.2",
      "copy-webpack-plugin": "^6.1.1",
      "css-loader": "^4.0.0",
      "electron-context-menu": "^2.3.0",
      "electron-devtools-installer": "^3.1.1",
      "electron-store": "^5.2.0",
      "file-loader": "^6.0.0",
      "file-sizeof": "^1.0.4",
      "ioredis": "^4.17.3",
      "node-gyp": "^7.0.0",
      "npm-run-all": "^4.1.5",
      "pdfjs-dist": "2.4.456",
      "polished": "^3.6.5",
      "qier-player": "^1.2.10",
      "re-resizable": "^6.5.4",
      "react": "^16.13.1",
      "react-dom": "^16.13.1",
      "react-dropzone": "^11.2.1",
      "react-icons": "^3.10.0",
      "react-lottie": "^1.2.3",
      "react-modal": "^3.11.2",
      "react-resize-panel": "^0.3.5",
      "react-router-dom": "^5.2.0",
      "react-select": "^3.1.0",
      "react-spring": "^8.0.27",
      "react-svg-loader": "^3.0.3",
      "react-use": "^15.3.2",
      "reactjs-popup": "^2.0.4",
      "style-loader": "^1.2.1",
      "styled-components": "^5.1.1",
      "url-loader": "^4.1.0",
      "uuid": "^8.3.1",
      "wait-on": "^5.1.0",
      "yarn": "^1.22.0"
    },
    "devDependencies": {
      "@babel/core": "^7.9.0",
      "@babel/preset-env": "^7.9.5",
      "@babel/preset-react": "^7.9.4",
      "@babel/preset-typescript": "^7.9.0",
      "@pmmmwh/react-refresh-webpack-plugin": "^0.4.1",
      "@testing-library/react": "^10.4.3",
      "@types/electron-devtools-installer": "^2.2.0",
      "@types/ioredis": "^4.17.0",
      "@types/jest": "^26.0.3",
      "@types/react": "^16.9.34",
      "@types/react-dom": "^16.9.6",
      "@types/react-modal": "^3.10.6",
      "@types/react-resizable": "^1.7.2",
      "@types/react-router-dom": "^5.1.5",
      "@types/styled-components": "^5.1.0",
      "@typescript-eslint/eslint-plugin": "^3.4.0",
      "@typescript-eslint/parser": "^3.4.0",
      "babel-loader": "^8.1.0",
      "btoa": "^1.2.1",
      "cross-env": "^7.0.2",
      "download": "^8.0.0",
      "electron": "^8.2.2",
      "electron-builder": "^22.8.0",
      "eslint": "^7.3.1",
      "eslint-config-prettier": "^6.11.0",
      "eslint-config-standard": "^14.1.1",
      "eslint-import-resolver-typescript": "^2.0.0",
      "eslint-plugin-import": "^2.22.0",
      "eslint-plugin-node": "^11.1.0",
      "eslint-plugin-prettier": "^3.1.4",
      "eslint-plugin-promise": "^4.2.1",
      "eslint-plugin-react": "^7.20.1",
      "eslint-plugin-standard": "^4.0.1",
      "fs-extra": "^9.0.1",
      "html-loader": "^1.1.0",
      "html-webpack-plugin": "^4.2.0",
      "jest": "^26.1.0",
      "json-schema-typed": "^7.0.3",
      "prettier": "^2.0.5",
      "react-app-polyfill": "^1.0.6",
      "react-refresh": "^0.8.3",
      "rimraf": "^3.0.2",
      "sort-package-json": "^1.44.0",
      "webpack-cli": "^3.3.12"
    },
    "build": {
      "appId": "com.solrachix.electron",
      "productName": "electron",
      "files": [
        "dist/",
        "build/"
      ],
      "mac": {
        "category": "public.app-category.utilities"
      },
      "linux": {
        "target": [
          "AppImage"
        ],
        "category": "Network"
      },
      "directories": {
        "buildResources": "build",
        "output": "release"
      }
    }
  }

yarn manifest: 
  No manifest

Lockfile: 
  No lockfile
